ERROR - 2024-09-20 00:29:25 --> Error connecting to the database: mysqli_sql_exception: Connection refused in /opt/lampp/htdocs/ADSO_N_2617510_G2/docs/trim7/PROYECTO-API-LATEST/PROYECTO-API/vendor/codeigniter4/framework/system/Database/MySQLi/Connection.php:184
Stack trace:
#0 /opt/lampp/htdocs/ADSO_N_2617510_G2/docs/trim7/PROYECTO-API-LATEST/PROYECTO-API/vendor/codeigniter4/framework/system/Database/MySQLi/Connection.php(184): mysqli->real_connect()
#1 /opt/lampp/htdocs/ADSO_N_2617510_G2/docs/trim7/PROYECTO-API-LATEST/PROYECTO-API/vendor/codeigniter4/framework/system/Database/BaseConnection.php(392): CodeIgniter\Database\MySQLi\Connection->connect()
#2 /opt/lampp/htdocs/ADSO_N_2617510_G2/docs/trim7/PROYECTO-API-LATEST/PROYECTO-API/vendor/codeigniter4/framework/system/Database/BaseConnection.php(575): CodeIgniter\Database\BaseConnection->initialize()
#3 /opt/lampp/htdocs/ADSO_N_2617510_G2/docs/trim7/PROYECTO-API-LATEST/PROYECTO-API/vendor/codeigniter4/framework/system/Database/BaseBuilder.php(1616): CodeIgniter\Database\BaseConnection->query()
#4 /opt/lampp/htdocs/ADSO_N_2617510_G2/docs/trim7/PROYECTO-API-LATEST/PROYECTO-API/vendor/codeigniter4/framework/system/Validation/StrictRules/Rules.php(227): CodeIgniter\Database\BaseBuilder->get()
#5 /opt/lampp/htdocs/ADSO_N_2617510_G2/docs/trim7/PROYECTO-API-LATEST/PROYECTO-API/vendor/codeigniter4/framework/system/Validation/Validation.php(328): CodeIgniter\Validation\StrictRules\Rules->is_unique()
#6 /opt/lampp/htdocs/ADSO_N_2617510_G2/docs/trim7/PROYECTO-API-LATEST/PROYECTO-API/vendor/codeigniter4/framework/system/Validation/Validation.php(200): CodeIgniter\Validation\Validation->processRules()
#7 /opt/lampp/htdocs/ADSO_N_2617510_G2/docs/trim7/PROYECTO-API-LATEST/PROYECTO-API/vendor/codeigniter4/framework/system/Controller.php(154): CodeIgniter\Validation\Validation->run()
#8 /opt/lampp/htdocs/ADSO_N_2617510_G2/docs/trim7/PROYECTO-API-LATEST/PROYECTO-API/app/Controllers/Register.php(21): CodeIgniter\Controller->validate()
#9 /opt/lampp/htdocs/ADSO_N_2617510_G2/docs/trim7/PROYECTO-API-LATEST/PROYECTO-API/vendor/codeigniter4/framework/system/CodeIgniter.php(943): App\Controllers\Register->index()
#10 /opt/lampp/htdocs/ADSO_N_2617510_G2/docs/trim7/PROYECTO-API-LATEST/PROYECTO-API/vendor/codeigniter4/framework/system/CodeIgniter.php(503): CodeIgniter\CodeIgniter->runController()
#11 /opt/lampp/htdocs/ADSO_N_2617510_G2/docs/trim7/PROYECTO-API-LATEST/PROYECTO-API/vendor/codeigniter4/framework/system/CodeIgniter.php(361): CodeIgniter\CodeIgniter->handleRequest()
#12 /opt/lampp/htdocs/ADSO_N_2617510_G2/docs/trim7/PROYECTO-API-LATEST/PROYECTO-API/public/index.php(79): CodeIgniter\CodeIgniter->run()
#13 /opt/lampp/htdocs/ADSO_N_2617510_G2/docs/trim7/PROYECTO-API-LATEST/PROYECTO-API/vendor/codeigniter4/framework/system/Commands/Server/rewrite.php(47): require_once('...')
#14 {main}

Next CodeIgniter\Database\Exceptions\DatabaseException: Connection refused in /opt/lampp/htdocs/ADSO_N_2617510_G2/docs/trim7/PROYECTO-API-LATEST/PROYECTO-API/vendor/codeigniter4/framework/system/Database/MySQLi/Connection.php:229
Stack trace:
#0 /opt/lampp/htdocs/ADSO_N_2617510_G2/docs/trim7/PROYECTO-API-LATEST/PROYECTO-API/vendor/codeigniter4/framework/system/Database/BaseConnection.php(392): CodeIgniter\Database\MySQLi\Connection->connect()
#1 /opt/lampp/htdocs/ADSO_N_2617510_G2/docs/trim7/PROYECTO-API-LATEST/PROYECTO-API/vendor/codeigniter4/framework/system/Database/BaseConnection.php(575): CodeIgniter\Database\BaseConnection->initialize()
#2 /opt/lampp/htdocs/ADSO_N_2617510_G2/docs/trim7/PROYECTO-API-LATEST/PROYECTO-API/vendor/codeigniter4/framework/system/Database/BaseBuilder.php(1616): CodeIgniter\Database\BaseConnection->query()
#3 /opt/lampp/htdocs/ADSO_N_2617510_G2/docs/trim7/PROYECTO-API-LATEST/PROYECTO-API/vendor/codeigniter4/framework/system/Validation/StrictRules/Rules.php(227): CodeIgniter\Database\BaseBuilder->get()
#4 /opt/lampp/htdocs/ADSO_N_2617510_G2/docs/trim7/PROYECTO-API-LATEST/PROYECTO-API/vendor/codeigniter4/framework/system/Validation/Validation.php(328): CodeIgniter\Validation\StrictRules\Rules->is_unique()
#5 /opt/lampp/htdocs/ADSO_N_2617510_G2/docs/trim7/PROYECTO-API-LATEST/PROYECTO-API/vendor/codeigniter4/framework/system/Validation/Validation.php(200): CodeIgniter\Validation\Validation->processRules()
#6 /opt/lampp/htdocs/ADSO_N_2617510_G2/docs/trim7/PROYECTO-API-LATEST/PROYECTO-API/vendor/codeigniter4/framework/system/Controller.php(154): CodeIgniter\Validation\Validation->run()
#7 /opt/lampp/htdocs/ADSO_N_2617510_G2/docs/trim7/PROYECTO-API-LATEST/PROYECTO-API/app/Controllers/Register.php(21): CodeIgniter\Controller->validate()
#8 /opt/lampp/htdocs/ADSO_N_2617510_G2/docs/trim7/PROYECTO-API-LATEST/PROYECTO-API/vendor/codeigniter4/framework/system/CodeIgniter.php(943): App\Controllers\Register->index()
#9 /opt/lampp/htdocs/ADSO_N_2617510_G2/docs/trim7/PROYECTO-API-LATEST/PROYECTO-API/vendor/codeigniter4/framework/system/CodeIgniter.php(503): CodeIgniter\CodeIgniter->runController()
#10 /opt/lampp/htdocs/ADSO_N_2617510_G2/docs/trim7/PROYECTO-API-LATEST/PROYECTO-API/vendor/codeigniter4/framework/system/CodeIgniter.php(361): CodeIgniter\CodeIgniter->handleRequest()
#11 /opt/lampp/htdocs/ADSO_N_2617510_G2/docs/trim7/PROYECTO-API-LATEST/PROYECTO-API/public/index.php(79): CodeIgniter\CodeIgniter->run()
#12 /opt/lampp/htdocs/ADSO_N_2617510_G2/docs/trim7/PROYECTO-API-LATEST/PROYECTO-API/vendor/codeigniter4/framework/system/Commands/Server/rewrite.php(47): require_once('...')
#13 {main}
CRITICAL - 2024-09-20 00:29:25 --> CodeIgniter\Database\Exceptions\DatabaseException: Unable to connect to the database.
Main connection [MySQLi]: Connection refused
in SYSTEMPATH/Database/BaseConnection.php on line 428.
 1 SYSTEMPATH/Database/BaseConnection.php(575): CodeIgniter\Database\BaseConnection->initialize()
 2 SYSTEMPATH/Database/BaseBuilder.php(1616): CodeIgniter\Database\BaseConnection->query()
 3 SYSTEMPATH/Validation/StrictRules/Rules.php(227): CodeIgniter\Database\BaseBuilder->get()
 4 SYSTEMPATH/Validation/Validation.php(328): CodeIgniter\Validation\StrictRules\Rules->is_unique()
 5 SYSTEMPATH/Validation/Validation.php(200): CodeIgniter\Validation\Validation->processRules()
 6 SYSTEMPATH/Controller.php(154): CodeIgniter\Validation\Validation->run()
 7 APPPATH/Controllers/Register.php(21): CodeIgniter\Controller->validate()
 8 SYSTEMPATH/CodeIgniter.php(943): App\Controllers\Register->index()
 9 SYSTEMPATH/CodeIgniter.php(503): CodeIgniter\CodeIgniter->runController()
10 SYSTEMPATH/CodeIgniter.php(361): CodeIgniter\CodeIgniter->handleRequest()
11 FCPATH/index.php(79): CodeIgniter\CodeIgniter->run()
12 SYSTEMPATH/Commands/Server/rewrite.php(47): require_once('/opt/lampp/htdocs/ADSO_N_2617510_G2/docs/trim7/PROYECTO-API-LATEST/PROYECTO-API/public/index.php')
ERROR - 2024-09-20 00:29:33 --> Error connecting to the database: mysqli_sql_exception: Connection refused in /opt/lampp/htdocs/ADSO_N_2617510_G2/docs/trim7/PROYECTO-API-LATEST/PROYECTO-API/vendor/codeigniter4/framework/system/Database/MySQLi/Connection.php:184
Stack trace:
#0 /opt/lampp/htdocs/ADSO_N_2617510_G2/docs/trim7/PROYECTO-API-LATEST/PROYECTO-API/vendor/codeigniter4/framework/system/Database/MySQLi/Connection.php(184): mysqli->real_connect()
#1 /opt/lampp/htdocs/ADSO_N_2617510_G2/docs/trim7/PROYECTO-API-LATEST/PROYECTO-API/vendor/codeigniter4/framework/system/Database/BaseConnection.php(392): CodeIgniter\Database\MySQLi\Connection->connect()
#2 /opt/lampp/htdocs/ADSO_N_2617510_G2/docs/trim7/PROYECTO-API-LATEST/PROYECTO-API/vendor/codeigniter4/framework/system/Database/BaseConnection.php(575): CodeIgniter\Database\BaseConnection->initialize()
#3 /opt/lampp/htdocs/ADSO_N_2617510_G2/docs/trim7/PROYECTO-API-LATEST/PROYECTO-API/vendor/codeigniter4/framework/system/Database/BaseBuilder.php(1616): CodeIgniter\Database\BaseConnection->query()
#4 /opt/lampp/htdocs/ADSO_N_2617510_G2/docs/trim7/PROYECTO-API-LATEST/PROYECTO-API/vendor/codeigniter4/framework/system/Model.php(271): CodeIgniter\Database\BaseBuilder->get()
#5 /opt/lampp/htdocs/ADSO_N_2617510_G2/docs/trim7/PROYECTO-API-LATEST/PROYECTO-API/vendor/codeigniter4/framework/system/BaseModel.php(679): CodeIgniter\Model->doFirst()
#6 /opt/lampp/htdocs/ADSO_N_2617510_G2/docs/trim7/PROYECTO-API-LATEST/PROYECTO-API/app/Controllers/Login.php(19): CodeIgniter\BaseModel->first()
#7 /opt/lampp/htdocs/ADSO_N_2617510_G2/docs/trim7/PROYECTO-API-LATEST/PROYECTO-API/vendor/codeigniter4/framework/system/CodeIgniter.php(943): App\Controllers\Login->index()
#8 /opt/lampp/htdocs/ADSO_N_2617510_G2/docs/trim7/PROYECTO-API-LATEST/PROYECTO-API/vendor/codeigniter4/framework/system/CodeIgniter.php(503): CodeIgniter\CodeIgniter->runController()
#9 /opt/lampp/htdocs/ADSO_N_2617510_G2/docs/trim7/PROYECTO-API-LATEST/PROYECTO-API/vendor/codeigniter4/framework/system/CodeIgniter.php(361): CodeIgniter\CodeIgniter->handleRequest()
#10 /opt/lampp/htdocs/ADSO_N_2617510_G2/docs/trim7/PROYECTO-API-LATEST/PROYECTO-API/public/index.php(79): CodeIgniter\CodeIgniter->run()
#11 /opt/lampp/htdocs/ADSO_N_2617510_G2/docs/trim7/PROYECTO-API-LATEST/PROYECTO-API/vendor/codeigniter4/framework/system/Commands/Server/rewrite.php(47): require_once('...')
#12 {main}

Next CodeIgniter\Database\Exceptions\DatabaseException: Connection refused in /opt/lampp/htdocs/ADSO_N_2617510_G2/docs/trim7/PROYECTO-API-LATEST/PROYECTO-API/vendor/codeigniter4/framework/system/Database/MySQLi/Connection.php:229
Stack trace:
#0 /opt/lampp/htdocs/ADSO_N_2617510_G2/docs/trim7/PROYECTO-API-LATEST/PROYECTO-API/vendor/codeigniter4/framework/system/Database/BaseConnection.php(392): CodeIgniter\Database\MySQLi\Connection->connect()
#1 /opt/lampp/htdocs/ADSO_N_2617510_G2/docs/trim7/PROYECTO-API-LATEST/PROYECTO-API/vendor/codeigniter4/framework/system/Database/BaseConnection.php(575): CodeIgniter\Database\BaseConnection->initialize()
#2 /opt/lampp/htdocs/ADSO_N_2617510_G2/docs/trim7/PROYECTO-API-LATEST/PROYECTO-API/vendor/codeigniter4/framework/system/Database/BaseBuilder.php(1616): CodeIgniter\Database\BaseConnection->query()
#3 /opt/lampp/htdocs/ADSO_N_2617510_G2/docs/trim7/PROYECTO-API-LATEST/PROYECTO-API/vendor/codeigniter4/framework/system/Model.php(271): CodeIgniter\Database\BaseBuilder->get()
#4 /opt/lampp/htdocs/ADSO_N_2617510_G2/docs/trim7/PROYECTO-API-LATEST/PROYECTO-API/vendor/codeigniter4/framework/system/BaseModel.php(679): CodeIgniter\Model->doFirst()
#5 /opt/lampp/htdocs/ADSO_N_2617510_G2/docs/trim7/PROYECTO-API-LATEST/PROYECTO-API/app/Controllers/Login.php(19): CodeIgniter\BaseModel->first()
#6 /opt/lampp/htdocs/ADSO_N_2617510_G2/docs/trim7/PROYECTO-API-LATEST/PROYECTO-API/vendor/codeigniter4/framework/system/CodeIgniter.php(943): App\Controllers\Login->index()
#7 /opt/lampp/htdocs/ADSO_N_2617510_G2/docs/trim7/PROYECTO-API-LATEST/PROYECTO-API/vendor/codeigniter4/framework/system/CodeIgniter.php(503): CodeIgniter\CodeIgniter->runController()
#8 /opt/lampp/htdocs/ADSO_N_2617510_G2/docs/trim7/PROYECTO-API-LATEST/PROYECTO-API/vendor/codeigniter4/framework/system/CodeIgniter.php(361): CodeIgniter\CodeIgniter->handleRequest()
#9 /opt/lampp/htdocs/ADSO_N_2617510_G2/docs/trim7/PROYECTO-API-LATEST/PROYECTO-API/public/index.php(79): CodeIgniter\CodeIgniter->run()
#10 /opt/lampp/htdocs/ADSO_N_2617510_G2/docs/trim7/PROYECTO-API-LATEST/PROYECTO-API/vendor/codeigniter4/framework/system/Commands/Server/rewrite.php(47): require_once('...')
#11 {main}
CRITICAL - 2024-09-20 00:29:33 --> CodeIgniter\Database\Exceptions\DatabaseException: Unable to connect to the database.
Main connection [MySQLi]: Connection refused
in SYSTEMPATH/Database/BaseConnection.php on line 428.
 1 SYSTEMPATH/Database/BaseConnection.php(575): CodeIgniter\Database\BaseConnection->initialize()
 2 SYSTEMPATH/Database/BaseBuilder.php(1616): CodeIgniter\Database\BaseConnection->query()
 3 SYSTEMPATH/Model.php(271): CodeIgniter\Database\BaseBuilder->get()
 4 SYSTEMPATH/BaseModel.php(679): CodeIgniter\Model->doFirst()
 5 APPPATH/Controllers/Login.php(19): CodeIgniter\BaseModel->first()
 6 SYSTEMPATH/CodeIgniter.php(943): App\Controllers\Login->index()
 7 SYSTEMPATH/CodeIgniter.php(503): CodeIgniter\CodeIgniter->runController()
 8 SYSTEMPATH/CodeIgniter.php(361): CodeIgniter\CodeIgniter->handleRequest()
 9 FCPATH/index.php(79): CodeIgniter\CodeIgniter->run()
10 SYSTEMPATH/Commands/Server/rewrite.php(47): require_once('/opt/lampp/htdocs/ADSO_N_2617510_G2/docs/trim7/PROYECTO-API-LATEST/PROYECTO-API/public/index.php')
ERROR - 2024-09-20 00:29:56 --> Error connecting to the database: mysqli_sql_exception: Connection refused in /opt/lampp/htdocs/ADSO_N_2617510_G2/docs/trim7/PROYECTO-API-LATEST/PROYECTO-API/vendor/codeigniter4/framework/system/Database/MySQLi/Connection.php:184
Stack trace:
#0 /opt/lampp/htdocs/ADSO_N_2617510_G2/docs/trim7/PROYECTO-API-LATEST/PROYECTO-API/vendor/codeigniter4/framework/system/Database/MySQLi/Connection.php(184): mysqli->real_connect()
#1 /opt/lampp/htdocs/ADSO_N_2617510_G2/docs/trim7/PROYECTO-API-LATEST/PROYECTO-API/vendor/codeigniter4/framework/system/Database/BaseConnection.php(392): CodeIgniter\Database\MySQLi\Connection->connect()
#2 /opt/lampp/htdocs/ADSO_N_2617510_G2/docs/trim7/PROYECTO-API-LATEST/PROYECTO-API/vendor/codeigniter4/framework/system/Database/BaseConnection.php(575): CodeIgniter\Database\BaseConnection->initialize()
#3 /opt/lampp/htdocs/ADSO_N_2617510_G2/docs/trim7/PROYECTO-API-LATEST/PROYECTO-API/vendor/codeigniter4/framework/system/Database/BaseBuilder.php(1616): CodeIgniter\Database\BaseConnection->query()
#4 /opt/lampp/htdocs/ADSO_N_2617510_G2/docs/trim7/PROYECTO-API-LATEST/PROYECTO-API/vendor/codeigniter4/framework/system/Model.php(271): CodeIgniter\Database\BaseBuilder->get()
#5 /opt/lampp/htdocs/ADSO_N_2617510_G2/docs/trim7/PROYECTO-API-LATEST/PROYECTO-API/vendor/codeigniter4/framework/system/BaseModel.php(679): CodeIgniter\Model->doFirst()
#6 /opt/lampp/htdocs/ADSO_N_2617510_G2/docs/trim7/PROYECTO-API-LATEST/PROYECTO-API/app/Controllers/Login.php(19): CodeIgniter\BaseModel->first()
#7 /opt/lampp/htdocs/ADSO_N_2617510_G2/docs/trim7/PROYECTO-API-LATEST/PROYECTO-API/vendor/codeigniter4/framework/system/CodeIgniter.php(943): App\Controllers\Login->index()
#8 /opt/lampp/htdocs/ADSO_N_2617510_G2/docs/trim7/PROYECTO-API-LATEST/PROYECTO-API/vendor/codeigniter4/framework/system/CodeIgniter.php(503): CodeIgniter\CodeIgniter->runController()
#9 /opt/lampp/htdocs/ADSO_N_2617510_G2/docs/trim7/PROYECTO-API-LATEST/PROYECTO-API/vendor/codeigniter4/framework/system/CodeIgniter.php(361): CodeIgniter\CodeIgniter->handleRequest()
#10 /opt/lampp/htdocs/ADSO_N_2617510_G2/docs/trim7/PROYECTO-API-LATEST/PROYECTO-API/public/index.php(79): CodeIgniter\CodeIgniter->run()
#11 /opt/lampp/htdocs/ADSO_N_2617510_G2/docs/trim7/PROYECTO-API-LATEST/PROYECTO-API/vendor/codeigniter4/framework/system/Commands/Server/rewrite.php(47): require_once('...')
#12 {main}

Next CodeIgniter\Database\Exceptions\DatabaseException: Connection refused in /opt/lampp/htdocs/ADSO_N_2617510_G2/docs/trim7/PROYECTO-API-LATEST/PROYECTO-API/vendor/codeigniter4/framework/system/Database/MySQLi/Connection.php:229
Stack trace:
#0 /opt/lampp/htdocs/ADSO_N_2617510_G2/docs/trim7/PROYECTO-API-LATEST/PROYECTO-API/vendor/codeigniter4/framework/system/Database/BaseConnection.php(392): CodeIgniter\Database\MySQLi\Connection->connect()
#1 /opt/lampp/htdocs/ADSO_N_2617510_G2/docs/trim7/PROYECTO-API-LATEST/PROYECTO-API/vendor/codeigniter4/framework/system/Database/BaseConnection.php(575): CodeIgniter\Database\BaseConnection->initialize()
#2 /opt/lampp/htdocs/ADSO_N_2617510_G2/docs/trim7/PROYECTO-API-LATEST/PROYECTO-API/vendor/codeigniter4/framework/system/Database/BaseBuilder.php(1616): CodeIgniter\Database\BaseConnection->query()
#3 /opt/lampp/htdocs/ADSO_N_2617510_G2/docs/trim7/PROYECTO-API-LATEST/PROYECTO-API/vendor/codeigniter4/framework/system/Model.php(271): CodeIgniter\Database\BaseBuilder->get()
#4 /opt/lampp/htdocs/ADSO_N_2617510_G2/docs/trim7/PROYECTO-API-LATEST/PROYECTO-API/vendor/codeigniter4/framework/system/BaseModel.php(679): CodeIgniter\Model->doFirst()
#5 /opt/lampp/htdocs/ADSO_N_2617510_G2/docs/trim7/PROYECTO-API-LATEST/PROYECTO-API/app/Controllers/Login.php(19): CodeIgniter\BaseModel->first()
#6 /opt/lampp/htdocs/ADSO_N_2617510_G2/docs/trim7/PROYECTO-API-LATEST/PROYECTO-API/vendor/codeigniter4/framework/system/CodeIgniter.php(943): App\Controllers\Login->index()
#7 /opt/lampp/htdocs/ADSO_N_2617510_G2/docs/trim7/PROYECTO-API-LATEST/PROYECTO-API/vendor/codeigniter4/framework/system/CodeIgniter.php(503): CodeIgniter\CodeIgniter->runController()
#8 /opt/lampp/htdocs/ADSO_N_2617510_G2/docs/trim7/PROYECTO-API-LATEST/PROYECTO-API/vendor/codeigniter4/framework/system/CodeIgniter.php(361): CodeIgniter\CodeIgniter->handleRequest()
#9 /opt/lampp/htdocs/ADSO_N_2617510_G2/docs/trim7/PROYECTO-API-LATEST/PROYECTO-API/public/index.php(79): CodeIgniter\CodeIgniter->run()
#10 /opt/lampp/htdocs/ADSO_N_2617510_G2/docs/trim7/PROYECTO-API-LATEST/PROYECTO-API/vendor/codeigniter4/framework/system/Commands/Server/rewrite.php(47): require_once('...')
#11 {main}
CRITICAL - 2024-09-20 00:29:56 --> CodeIgniter\Database\Exceptions\DatabaseException: Unable to connect to the database.
Main connection [MySQLi]: Connection refused
in SYSTEMPATH/Database/BaseConnection.php on line 428.
 1 SYSTEMPATH/Database/BaseConnection.php(575): CodeIgniter\Database\BaseConnection->initialize()
 2 SYSTEMPATH/Database/BaseBuilder.php(1616): CodeIgniter\Database\BaseConnection->query()
 3 SYSTEMPATH/Model.php(271): CodeIgniter\Database\BaseBuilder->get()
 4 SYSTEMPATH/BaseModel.php(679): CodeIgniter\Model->doFirst()
 5 APPPATH/Controllers/Login.php(19): CodeIgniter\BaseModel->first()
 6 SYSTEMPATH/CodeIgniter.php(943): App\Controllers\Login->index()
 7 SYSTEMPATH/CodeIgniter.php(503): CodeIgniter\CodeIgniter->runController()
 8 SYSTEMPATH/CodeIgniter.php(361): CodeIgniter\CodeIgniter->handleRequest()
 9 FCPATH/index.php(79): CodeIgniter\CodeIgniter->run()
10 SYSTEMPATH/Commands/Server/rewrite.php(47): require_once('/opt/lampp/htdocs/ADSO_N_2617510_G2/docs/trim7/PROYECTO-API-LATEST/PROYECTO-API/public/index.php')
ERROR - 2024-09-20 00:29:57 --> Error connecting to the database: mysqli_sql_exception: Connection refused in /opt/lampp/htdocs/ADSO_N_2617510_G2/docs/trim7/PROYECTO-API-LATEST/PROYECTO-API/vendor/codeigniter4/framework/system/Database/MySQLi/Connection.php:184
Stack trace:
#0 /opt/lampp/htdocs/ADSO_N_2617510_G2/docs/trim7/PROYECTO-API-LATEST/PROYECTO-API/vendor/codeigniter4/framework/system/Database/MySQLi/Connection.php(184): mysqli->real_connect()
#1 /opt/lampp/htdocs/ADSO_N_2617510_G2/docs/trim7/PROYECTO-API-LATEST/PROYECTO-API/vendor/codeigniter4/framework/system/Database/BaseConnection.php(392): CodeIgniter\Database\MySQLi\Connection->connect()
#2 /opt/lampp/htdocs/ADSO_N_2617510_G2/docs/trim7/PROYECTO-API-LATEST/PROYECTO-API/vendor/codeigniter4/framework/system/Database/BaseConnection.php(575): CodeIgniter\Database\BaseConnection->initialize()
#3 /opt/lampp/htdocs/ADSO_N_2617510_G2/docs/trim7/PROYECTO-API-LATEST/PROYECTO-API/vendor/codeigniter4/framework/system/Database/BaseBuilder.php(1616): CodeIgniter\Database\BaseConnection->query()
#4 /opt/lampp/htdocs/ADSO_N_2617510_G2/docs/trim7/PROYECTO-API-LATEST/PROYECTO-API/vendor/codeigniter4/framework/system/Model.php(271): CodeIgniter\Database\BaseBuilder->get()
#5 /opt/lampp/htdocs/ADSO_N_2617510_G2/docs/trim7/PROYECTO-API-LATEST/PROYECTO-API/vendor/codeigniter4/framework/system/BaseModel.php(679): CodeIgniter\Model->doFirst()
#6 /opt/lampp/htdocs/ADSO_N_2617510_G2/docs/trim7/PROYECTO-API-LATEST/PROYECTO-API/app/Controllers/Login.php(19): CodeIgniter\BaseModel->first()
#7 /opt/lampp/htdocs/ADSO_N_2617510_G2/docs/trim7/PROYECTO-API-LATEST/PROYECTO-API/vendor/codeigniter4/framework/system/CodeIgniter.php(943): App\Controllers\Login->index()
#8 /opt/lampp/htdocs/ADSO_N_2617510_G2/docs/trim7/PROYECTO-API-LATEST/PROYECTO-API/vendor/codeigniter4/framework/system/CodeIgniter.php(503): CodeIgniter\CodeIgniter->runController()
#9 /opt/lampp/htdocs/ADSO_N_2617510_G2/docs/trim7/PROYECTO-API-LATEST/PROYECTO-API/vendor/codeigniter4/framework/system/CodeIgniter.php(361): CodeIgniter\CodeIgniter->handleRequest()
#10 /opt/lampp/htdocs/ADSO_N_2617510_G2/docs/trim7/PROYECTO-API-LATEST/PROYECTO-API/public/index.php(79): CodeIgniter\CodeIgniter->run()
#11 /opt/lampp/htdocs/ADSO_N_2617510_G2/docs/trim7/PROYECTO-API-LATEST/PROYECTO-API/vendor/codeigniter4/framework/system/Commands/Server/rewrite.php(47): require_once('...')
#12 {main}

Next CodeIgniter\Database\Exceptions\DatabaseException: Connection refused in /opt/lampp/htdocs/ADSO_N_2617510_G2/docs/trim7/PROYECTO-API-LATEST/PROYECTO-API/vendor/codeigniter4/framework/system/Database/MySQLi/Connection.php:229
Stack trace:
#0 /opt/lampp/htdocs/ADSO_N_2617510_G2/docs/trim7/PROYECTO-API-LATEST/PROYECTO-API/vendor/codeigniter4/framework/system/Database/BaseConnection.php(392): CodeIgniter\Database\MySQLi\Connection->connect()
#1 /opt/lampp/htdocs/ADSO_N_2617510_G2/docs/trim7/PROYECTO-API-LATEST/PROYECTO-API/vendor/codeigniter4/framework/system/Database/BaseConnection.php(575): CodeIgniter\Database\BaseConnection->initialize()
#2 /opt/lampp/htdocs/ADSO_N_2617510_G2/docs/trim7/PROYECTO-API-LATEST/PROYECTO-API/vendor/codeigniter4/framework/system/Database/BaseBuilder.php(1616): CodeIgniter\Database\BaseConnection->query()
#3 /opt/lampp/htdocs/ADSO_N_2617510_G2/docs/trim7/PROYECTO-API-LATEST/PROYECTO-API/vendor/codeigniter4/framework/system/Model.php(271): CodeIgniter\Database\BaseBuilder->get()
#4 /opt/lampp/htdocs/ADSO_N_2617510_G2/docs/trim7/PROYECTO-API-LATEST/PROYECTO-API/vendor/codeigniter4/framework/system/BaseModel.php(679): CodeIgniter\Model->doFirst()
#5 /opt/lampp/htdocs/ADSO_N_2617510_G2/docs/trim7/PROYECTO-API-LATEST/PROYECTO-API/app/Controllers/Login.php(19): CodeIgniter\BaseModel->first()
#6 /opt/lampp/htdocs/ADSO_N_2617510_G2/docs/trim7/PROYECTO-API-LATEST/PROYECTO-API/vendor/codeigniter4/framework/system/CodeIgniter.php(943): App\Controllers\Login->index()
#7 /opt/lampp/htdocs/ADSO_N_2617510_G2/docs/trim7/PROYECTO-API-LATEST/PROYECTO-API/vendor/codeigniter4/framework/system/CodeIgniter.php(503): CodeIgniter\CodeIgniter->runController()
#8 /opt/lampp/htdocs/ADSO_N_2617510_G2/docs/trim7/PROYECTO-API-LATEST/PROYECTO-API/vendor/codeigniter4/framework/system/CodeIgniter.php(361): CodeIgniter\CodeIgniter->handleRequest()
#9 /opt/lampp/htdocs/ADSO_N_2617510_G2/docs/trim7/PROYECTO-API-LATEST/PROYECTO-API/public/index.php(79): CodeIgniter\CodeIgniter->run()
#10 /opt/lampp/htdocs/ADSO_N_2617510_G2/docs/trim7/PROYECTO-API-LATEST/PROYECTO-API/vendor/codeigniter4/framework/system/Commands/Server/rewrite.php(47): require_once('...')
#11 {main}
CRITICAL - 2024-09-20 00:29:57 --> CodeIgniter\Database\Exceptions\DatabaseException: Unable to connect to the database.
Main connection [MySQLi]: Connection refused
in SYSTEMPATH/Database/BaseConnection.php on line 428.
 1 SYSTEMPATH/Database/BaseConnection.php(575): CodeIgniter\Database\BaseConnection->initialize()
 2 SYSTEMPATH/Database/BaseBuilder.php(1616): CodeIgniter\Database\BaseConnection->query()
 3 SYSTEMPATH/Model.php(271): CodeIgniter\Database\BaseBuilder->get()
 4 SYSTEMPATH/BaseModel.php(679): CodeIgniter\Model->doFirst()
 5 APPPATH/Controllers/Login.php(19): CodeIgniter\BaseModel->first()
 6 SYSTEMPATH/CodeIgniter.php(943): App\Controllers\Login->index()
 7 SYSTEMPATH/CodeIgniter.php(503): CodeIgniter\CodeIgniter->runController()
 8 SYSTEMPATH/CodeIgniter.php(361): CodeIgniter\CodeIgniter->handleRequest()
 9 FCPATH/index.php(79): CodeIgniter\CodeIgniter->run()
10 SYSTEMPATH/Commands/Server/rewrite.php(47): require_once('/opt/lampp/htdocs/ADSO_N_2617510_G2/docs/trim7/PROYECTO-API-LATEST/PROYECTO-API/public/index.php')
